ISO_SOAK=20260520T154501Z
LOCAL_SOAK_DIR=.planning/phases/209-spectrum-config-migration-production-canary-and-docs/soak/20260520T154501Z
REMOTE_SOAK_DIR=/var/tmp/wanctl-soak-20260520T154501Z
HEALTH_URL=http://10.10.110.223:9101/health
LAUNCH_TIME_UTC=2026-05-20T15:45:01Z

[local git]
e12202efcb3b85b0dac8d098546da5205838bf04
 M CHANGELOG.md
 M configs/spectrum.yaml

[preflight health]
{
    "status": "healthy",
    "uptime_seconds": 11347.2,
    "version": "1.44.0",
    "consecutive_failures": 0,
    "wan_count": 1,
    "wans": [
        {
            "name": "spectrum",
            "baseline_rtt_ms": 22.08,
            "load_rtt_ms": 22.53,
            "download": {
                "current_rate_mbps": 920.0,
                "state": "GREEN",
                "state_reason": "green_stable",
                "hysteresis": {
                    "dwell_counter": 0,
                    "dwell_cycles": 5,
                    "deadband_ms": 3.0,
                    "transitions_suppressed": 0,
                    "suppressions_per_min": 0,
                    "window_start_epoch": 1779291848.550939,
                    "alert_threshold_per_min": 180,
                    "green_streak": 2584,
                    "green_required": 5,
                    "last_zone": "GREEN",
                    "suppressions_completed_window_count": 0,
                    "suppressions_completed_window_by_cause": {
                        "dwell_hold": 0,
                        "backlog_recovery": 0,
                        "other": 0
                    },
                    "suppressions_lifetime_by_cause": {
                        "dwell_hold": 0,
                        "backlog_recovery": 733,
                        "other": 0
                    },
                    "dwell_bypassed_count": 0
                }
            },
            "upload": {
                "current_rate_mbps": 18.0,
                "state": "GREEN",
                "state_reason": "green_stable",
                "hysteresis": {
                    "dwell_counter": 0,
                    "dwell_cycles": 5,
                    "deadband_ms": 3.0,
                    "transitions_suppressed": 1503,
                    "suppressions_per_min": 16,
                    "window_start_epoch": 1779291848.550941,
                    "alert_threshold_per_min": 180,
                    "green_streak": 56,
                    "green_required": 3,
                    "last_zone": "GREEN",
                    "suppressions_completed_window_count": 10,
                    "suppressions_completed_window_by_cause": {
                        "dwell_hold": 10,
                        "backlog_recovery": 0,
                        "other": 0
                    },
                    "suppressions_lifetime_by_cause": {
                        "dwell_hold": 1503,
                        "backlog_recovery": 1603,
                        "other": 0
                    }
                },
                "docsis_mode_active": true,
                "setpoint_mbps": 12.0,
                "headroom_state": "AVAILABLE",
                "rtt_integral_ms_s": 3.777,
                "cake_aligned": true,
                "floor_hit_cycles_total": 0,
                "max_delay_delta_us": 19,
                "red_streak": 0,
                "zone_trace": [
                    "GREEN",
                    "GREEN",
                    "GREEN",
                    "GREEN",
                    "GREEN",
                    "GREEN",
                    "GREEN",
                    "GREEN",
                    "GREEN",
                    "GREEN",
                    "GREEN",
                    "GREEN",
                    "GREEN",
                    "GREEN",
                    "GREEN",
                    "GREEN",
                    "GREEN",
                    "GREEN",
                    "GREEN",
                    "GREEN",
                    "GREEN",
                    "GREEN",
                    "GREEN",
                    "GREEN",
                    "GREEN",
                    "GREEN",
                    "GREEN",
                    "GREEN",
                    "GREEN",
                    "GREEN",
                    "GREEN",
                    "GREEN",
                    "GREEN",
                    "GREEN",
                    "GREEN",
                    "GREEN",
                    "GREEN",
                    "GREEN",
                    "GREEN",
                    "GREEN",
                    "GREEN",
                    "GREEN",
                    "GREEN",
                    "GREEN",
                    "GREEN",
                    "GREEN",
                    "GREEN",
                    "GREEN",
                    "GREEN",
                    "GREEN",
                    "GREEN",
                    "GREEN",
                    "GREEN",
                    "GREEN",
                    "GREEN",
                    "GREEN",
                    "GREEN",
                    "GREEN",
                    "GREEN",
                    "GREEN",
                    "GREEN",
                    "GREEN",
                    "GREEN",
                    "GREEN",
                    "GREEN",
                    "GREEN",
                    "GREEN",
                    "GREEN",
                    "GREEN",
                    "GREEN",
                    "GREEN",
                    "GREEN",
                    "GREEN",
                    "GREEN",
                    "GREEN",
                    "GREEN",
                    "GREEN",
                    "GREEN",
                    "GREEN",
                    "GREEN",
                    "GREEN",
                    "GREEN",
                    "GREEN",
                    "YELLOW",
                    "YELLOW",
                    "YELLOW",
                    "YELLOW",
                    "GREEN",
                    "GREEN",
                    "GREEN",
                    "GREEN",
                    "GREEN",
                    "GREEN",
                    "GREEN",
                    "GREEN",
                    "GREEN",
                    "GREEN",
                    "GREEN",
                    "GREEN",
                    "GREEN",
                    "GREEN",
                    "GREEN",
                    "GREEN",
                    "GREEN",
                    "GREEN",
                    "GREEN",
                    "GREEN",
                    "GREEN",
                    "GREEN",
                    "GREEN",
                    "GREEN",
                    "GREEN",
                    "GREEN",
                    "GREEN",
                    "GREEN",
                    "GREEN",
                    "GREEN",
                    "GREEN",
                    "GREEN",
                    "GREEN",
                    "GREEN",
                    "GREEN",
                    "GREEN",
                    "GREEN",
                    "GREEN",
                    "GREEN",
                    "GREEN",
                    "GREEN",
                    "GREEN",
                    "GREEN",
                    "GREEN",
                    "GREEN",
                    "GREEN",
                    "GREEN",
                    "GREEN",
                    "GREEN",
                    "GREEN",
                    "GREEN",
                    "GREEN",
                    "GREEN",
                    "GREEN",
                    "YELLOW",
                    "YELLOW",
                    "YELLOW",
                    "GREEN",
                    "GREEN",
                    "GREEN",
                    "GREEN",
                    "GREEN",
                    "GREEN",
                    "GREEN",
                    "GREEN",
                    "GREEN",
                    "GREEN",
                    "GREEN",
                    "GREEN",
                    "GREEN",
                    "GREEN",
                    "GREEN",
                    "GREEN",
                    "GREEN",
                    "GREEN",
                    "GREEN",
                    "GREEN",
                    "GREEN",
                    "GREEN",
                    "GREEN",
                    "GREEN",
                    "GREEN",
                    "GREEN",
                    "GREEN",
                    "GREEN",
                    "GREEN",
                    "GREEN",
                    "GREEN",
                    "GREEN",
                    "GREEN",
                    "GREEN",
                    "GREEN",
                    "GREEN",
                    "GREEN",
                    "GREEN",
                    "GREEN",
                    "GREEN",
                    "GREEN",
                    "GREEN",
                    "GREEN",
                    "GREEN",
                    "GREEN",
                    "GREEN",
                    "GREEN",
                    "GREEN",
                    "GREEN",
                    "GREEN",
                    "GREEN",
                    "GREEN",
                    "GREEN",
                    "GREEN",
                    "GREEN",
                    "GREEN"
                ],
                "headroom_exhausted_streak": 0,
                "anti_windup_cycles": 60,
                "anti_windup_triggers": 0,
                "red_decay_step_pct": 0.02,
                "red_decay_delta_max_pct": 0.1
            },
            "router_connectivity": {
                "is_reachable": true,
                "consecutive_failures": 0,
                "last_failure_type": null,
                "last_failure_time": null,
                "outage_duration_seconds": null
            },
            "cycle_budget": {
                "cycle_time_ms": {
                    "avg": 0.7,
                    "p95": 0.8,
                    "p99": 1.2
                },
                "utilization_pct": 1.3,
                "overrun_count": 12,
                "status": "ok",
                "warning_threshold_pct": 80.0,
                "subsystems": {
                    "rtt_measurement": {
                        "avg": 0.0,
                        "p95": 0.1,
                        "p99": 0.1
                    },
                    "signal_processing": {
                        "avg": 0.1,
                        "p95": 0.2,
                        "p99": 0.2
                    },
                    "ewma_spike": {
                        "avg": 0.0,
                        "p95": 0.0,
                        "p99": 0.0
                    },
                    "cake_stats": {
                        "avg": 0.1,
                        "p95": 0.1,
                        "p99": 0.1
                    },
                    "congestion_assess": {
                        "avg": 0.1,
                        "p95": 0.1,
                        "p99": 0.2
                    },
                    "irtt_observation": {
                        "avg": 0.0,
                        "p95": 0.0,
                        "p99": 0.0
                    },
                    "logging_metrics": {
                        "avg": 0.1,
                        "p95": 0.1,
                        "p99": 0.1
                    },
                    "router_communication": {
                        "avg": 0.0,
                        "p95": 0.0,
                        "p99": 0.0
                    },
                    "post_cycle": {
                        "avg": 0.1,
                        "p95": 0.1,
                        "p99": 0.3
                    }
                }
            },
            "signal_quality": {
                "jitter_ms": 0.776,
                "variance_ms2": 78.483,
                "confidence": 0.861,
                "outlier_rate": 0.333,
                "total_outliers": 49770,
                "warming_up": false
            },
            "measurement": {
                "available": true,
                "raw_rtt_ms": 22.31,
                "staleness_sec": 0.195,
                "active_reflector_hosts": [
                    "1.1.1.1",
                    "9.9.9.9",
                    "208.67.222.222"
                ],
                "successful_reflector_hosts": [
                    "1.1.1.1",
                    "9.9.9.9",
                    "208.67.222.222"
                ],
                "state": "healthy",
                "successful_count": 3,
                "stale": false
            },
            "background_workers": {
                "rtt": {
                    "cadence_sec": 0.25,
                    "staleness_sec": 0.195,
                    "available": true,
                    "cycle_time_ms": {
                        "avg": 28.0,
                        "p95": 42.7,
                        "p99": 57.4,
                        "max": 80.1
                    },
                    "utilization_pct": 11.2
                },
                "cake_stats": {
                    "cadence_sec": 1.0,
                    "staleness_sec": 0.91,
                    "available": true,
                    "cycle_time_ms": {
                        "avg": 3.4,
                        "p95": 4.7,
                        "p99": 7.8,
                        "max": 113.3
                    },
                    "utilization_pct": 0.3,
                    "overlap": {
                        "active_now": false,
                        "last_dump_started_monotonic": 1876253.928,
                        "last_dump_finished_monotonic": 1876253.93,
                        "last_apply_started_monotonic": 1876230.124,
                        "last_apply_finished_monotonic": 1876230.125,
                        "last_overlap_monotonic": null,
                        "last_dump_elapsed_ms": 2.972,
                        "last_overlap_ms": null,
                        "max_overlap_ms": 0.0,
                        "episodes": 0,
                        "slow_apply_with_overlap_count": 0
                    }
                },
                "irtt": {
                    "cadence_sec": null,
                    "staleness_sec": null,
                    "available": false
                }
            },
            "irtt": {
                "available": false,
                "reason": "disabled"
            },
            "reflector_quality": {
                "available": true,
                "hosts": {
                    "1.1.1.1": {
                        "score": 1.0,
                        "status": "active",
                        "measurements": 50
                    },
                    "9.9.9.9": {
                        "score": 1.0,
                        "status": "active",
                        "measurements": 50
                    },
                    "208.67.222.222": {
                        "score": 1.0,
                        "status": "active",
                        "measurements": 50
                    }
                }
            },
            "fusion": {
                "enabled": true,
                "icmp_weight": 0.7,
                "irtt_weight": 0.3,
                "active_source": "icmp_only",
                "fused_rtt_ms": null,
                "icmp_rtt_ms": 22.31,
                "irtt_rtt_ms": null,
                "bypass_active": false,
                "bypass_reason": null,
                "bypass_offset_ms": null,
                "bypass_count": 0,
                "heal_state": "no_healer",
                "pearson_correlation": null,
                "correlation_window_avg": null,
                "heal_grace_active": false
            },
            "asymmetry_gate": {
                "enabled": false,
                "active": false,
                "downstream_streak": 0,
                "damping_factor": 0.5,
                "last_result_age_sec": null
            },
            "cake_signal": {
                "download": {
                    "drop_rate": 0.0,
                    "total_drop_rate": 0.0,
                    "backlog_bytes": 0,
                    "peak_delay_us": 13,
                    "cold_start": false,
                    "tins": [
                        {
                            "name": "BestEffort",
                            "drop_delta": 0,
                            "backlog_bytes": 0,
                            "peak_delay_us": 13
                        }
                    ]
                },
                "upload": {
                    "drop_rate": 0.0,
                    "total_drop_rate": 0.0,
                    "backlog_bytes": 0,
                    "peak_delay_us": 441,
                    "cold_start": false,
                    "tins": [
                        {
                            "name": "BestEffort",
                            "drop_delta": 0,
                            "backlog_bytes": 0,
                            "peak_delay_us": 441
                        }
                    ]
                },
                "detection": {
                    "dl_refractory_remaining": 0,
                    "ul_refractory_remaining": 0,
                    "refractory_cycles": 40,
                    "dl_dwell_bypassed_count": 0,
                    "ul_dwell_bypassed_count": 2,
                    "dl_backlog_suppressed_count": 733,
                    "ul_backlog_suppressed_count": 1603,
                    "dl_recovery_probe": {
                        "probe_multiplier": 1.0,
                        "probe_multiplier_factor": 1.0,
                        "probe_ceiling_pct": 0.95,
                        "probe_step_count": 10,
                        "above_ceiling_pct": true
                    },
                    "ul_recovery_probe": {
                        "probe_multiplier": 1.0,
                        "probe_multiplier_factor": 1.0,
                        "probe_ceiling_pct": 0.95,
                        "probe_step_count": 3785,
                        "above_ceiling_pct": true
                    }
                },
                "burst": {
                    "active": false,
                    "trigger_count": 1,
                    "last_reason": "Burst confirmed from RTT acceleration 31.9ms after 3 consecutive spikes",
                    "last_accel_ms": 31.9,
                    "last_delta_ms": 235.7,
                    "last_trigger_ago_sec": 11346.6
                }
            },
            "signal_arbitration": {
                "active_primary_signal": "queue",
                "rtt_confidence": 0.0,
                "cake_av_delay_delta_us": 2,
                "control_decision_reason": "green_stable",
                "refractory_active": false
            },
            "tuning": {
                "enabled": true,
                "last_run_ago_sec": 547.1,
                "parameters": {
                    "baseline_rtt_max": {
                        "current_value": 25.1,
                        "bounds": {
                            "min": 25.0,
                            "max": 100.0
                        }
                    },
                    "baseline_rtt_min": {
                        "current_value": 19.5,
                        "bounds": {
                            "min": 5.0,
                            "max": 30.0
                        }
                    },
                    "hampel_window_size": {
                        "current_value": 15.0,
                        "bounds": {
                            "min": 5.0,
                            "max": 15.0
                        }
                    }
                },
                "recent_adjustments": [
                    {
                        "parameter": "baseline_rtt_max",
                        "old_value": 25.8,
                        "new_value": 25.1,
                        "confidence": 0.367,
                        "rationale": "Restored from SQLite (ts=1779246209)"
                    },
                    {
                        "parameter": "baseline_rtt_min",
                        "old_value": 19.1,
                        "new_value": 19.5,
                        "confidence": 0.303,
                        "rationale": "Restored from SQLite (ts=1779030207)"
                    },
                    {
                        "parameter": "hampel_window_size",
                        "old_value": 14.0,
                        "new_value": 15.0,
                        "confidence": 0.537,
                        "rationale": "Restored from SQLite (ts=1776297666)"
                    }
                ],
                "safety": {
                    "revert_count": 0,
                    "locked_parameters": [],
                    "pending_observation": false
                }
            },
            "storage": {
                "pending_writes": 1,
                "queue": {
                    "drained_total": 6049969,
                    "error_total": 135
                },
                "writes": {
                    "success_total": 224418,
                    "failure_total": 0,
                    "lock_failure_total": 0,
                    "volume_total": 6049968,
                    "last_duration_ms": 16.71253005042672,
                    "max_duration_ms": 426.80761590600014
                },
                "checkpoint": {
                    "busy": 0,
                    "wal_pages": 0,
                    "checkpointed_pages": 0,
                    "maintenance_lock_skipped_total": 0
                },
                "files": {
                    "db_bytes": 465887232,
                    "wal_bytes": 4849272,
                    "shm_bytes": 131072,
                    "total_bytes": 470867576,
                    "db_exists": true,
                    "wal_exists": true,
                    "shm_exists": true
                },
                "status": "ok"
            },
            "runtime": {
                "process": "autorate",
                "rss_bytes": 87961600,
                "swap_bytes": 0,
                "memory_status": "ok",
                "swap_status": "ok",
                "cycle_status": "ok",
                "status": "ok"
            }
        }
    ],
    "storage": {
        "pending_writes": 1,
        "queue": {
            "drained_total": 6049969,
            "error_total": 135
        },
        "writes": {
            "success_total": 224418,
            "failure_total": 0,
            "lock_failure_total": 0,
            "volume_total": 6049968,
            "last_duration_ms": 16.71253005042672,
            "max_duration_ms": 426.80761590600014
        },
        "checkpoint": {
            "busy": 0,
            "wal_pages": 0,
            "checkpointed_pages": 0,
            "maintenance_lock_skipped_total": 0
        },
        "files": {
            "db_bytes": 465887232,
            "wal_bytes": 4849272,
            "shm_bytes": 131072,
            "total_bytes": 470867576,
            "db_exists": true,
            "wal_exists": true,
            "shm_exists": true
        },
        "status": "ok"
    },
    "alerting": {
        "enabled": true,
        "fire_count": 7,
        "active_cooldowns": []
    },
    "router_reachable": true,
    "disk_space": {
        "path": "/var/lib/wanctl",
        "free_bytes": 23025606656,
        "total_bytes": 30878322688,
        "free_pct": 74.6,
        "status": "ok"
    },
    "summary": {
        "service": "autorate",
        "status": "healthy",
        "wan_count": 1,
        "router_reachable": true,
        "alerts": {
            "enabled": true,
            "fire_count": 7,
            "active_cooldowns": 0,
            "status": "idle"
        },
        "rows": [
            {
                "name": "spectrum",
                "status": "ok",
                "router_reachable": true,
                "download_state": "GREEN",
                "upload_state": "GREEN",
                "download_rate_mbps": 920.0,
                "upload_rate_mbps": 18.0,
                "storage_status": "ok",
                "runtime_status": "ok",
                "burst_active": false,
                "burst_trigger_count": 1
            }
        ],
        "degraded_wans": [],
        "warning_wans": []
    }
}

[preflight service active]
active

[preflight version]
1.44.0

[preflight wash RuntimeError since deploy snapshot B]

[preflight soak script]

[restart counter start]
NRestarts=0

[create remote dir]
drwxrwxr-x 2 kevin kevin 4096 May 20 10:45 /var/tmp/wanctl-soak-20260520T154501Z

[launch systemd-run]
Running timer as unit: phase209-soak-20260520T154501Z.timer
Will run service as unit: phase209-soak-20260520T154501Z.service
LAUNCH_RC=0

[post-launch unit status]
● phase209-soak-20260520T154501Z.service - [systemd-run] /usr/bin/bash /opt/wanctl/scripts/soak-capture.sh /var/tmp/wanctl-soak-20260520T154501Z/soak-capture.ndjson 86400
     Loaded: loaded (/run/user/1000/systemd/transient/phase209-soak-20260520T154501Z.service; transient)
  Transient: yes
     Active: active (running) since Wed 2026-05-20 10:45:02 CDT; 27ms ago
 Invocation: 14beec35b08a4b6fafc469058f421893
TriggeredBy: ● phase209-soak-20260520T154501Z.timer
   Main PID: 3327233 ((bash))
      Tasks: 1 (limit: 2222)
     Memory: 1.5M (peak: 1.7M)
        CPU: 8ms
     CGroup: /user.slice/user-1000.slice/user@1000.service/app.slice/phase209-soak-20260520T154501Z.service
             └─3327233 "[(bash)]"

May 20 10:45:02 cake-shaper systemd[3325943]: Started phase209-soak-20260520T154501Z.service - [systemd-run] /usr/bin/bash /opt/wanctl/scripts/soak-capture.sh /var/tmp/wanctl-soak-20260520T154501Z/soak-capture.ndjson 86400.

[post-launch capture file]

[expected resume]
SOAK_START_UTC=2026-05-20T15:45:01Z
SOAK_EXPECTED_END_UTC=2026-05-21T15:45:01Z
RESUME_AFTER_UTC=2026-05-21T15:50:01Z
