=== T0: Snapshot A (rollback-clean: legacy binary + legacy YAML, NO Phase 201 keys) ===
ls: cannot access '/etc/wanctl/spectrum.yaml.prephase201-recanary-20260505T122130Z-snapA': Permission denied
-rw-r--r-- 1 root root 1.5M May  5 07:22 /opt/wanctl-prephase201-recanary-20260505T122130Z-snapA.tar.gz
Snapshot A Phase 201 key count: 00 (must be 0)
FATAL: Snapshot A contains Phase 201 keys.
=== RETRY after Rule 1 parsing fix: Snapshot A verification with sudo/stat ===
-rw-r----- 1 root root  11K May  5 07:22 /etc/wanctl/spectrum.yaml.prephase201-recanary-20260505T122130Z-snapA
-rw-r--r-- 1 root root 1.5M May  5 07:22 /opt/wanctl-prephase201-recanary-20260505T122130Z-snapA.tar.gz
Snapshot A Phase 201 key count: 0 (must be 0)
=== T1: Predeploy gate run #1 ===
[predeploy-gate BLOCK] BLOCK: target_bloat_ms present in continuous_monitoring.upload (rejected v1.41 hypothesis key). Reconcile manually: ssh to deploy target, edit /etc/wanctl/spectrum.yaml, remove the target_bloat_ms key under continuous_monitoring.upload, then re-run deploy. Auto-strip is intentionally not implemented.
BLOCK: target_bloat_ms present in continuous_monitoring.upload (rejected v1.41 hypothesis key). Reconcile manually: ssh to deploy target, edit /etc/wanctl/spectrum.yaml, remove the target_bloat_ms key under continuous_monitoring.upload, then re-run deploy. Auto-strip is intentionally not implemented.
[predeploy-gate BLOCK] BLOCK: warn_bloat_ms present in continuous_monitoring.upload (rejected v1.41 hypothesis key). Reconcile manually: ssh to deploy target, edit /etc/wanctl/spectrum.yaml, remove the warn_bloat_ms key under continuous_monitoring.upload, then re-run deploy. Auto-strip is intentionally not implemented.
BLOCK: warn_bloat_ms present in continuous_monitoring.upload (rejected v1.41 hypothesis key). Reconcile manually: ssh to deploy target, edit /etc/wanctl/spectrum.yaml, remove the warn_bloat_ms key under continuous_monitoring.upload, then re-run deploy. Auto-strip is intentionally not implemented.
Predeploy gate run #1 rc=1
=== T2: Reconcile YAML (gate BLOCKed on residual v1.41 keys) ===
=== T2b: Predeploy gate run #2 (must PASS) ===
[predeploy-gate INFO]  PASS: continuous_monitoring.upload is clean (no v1.41 rejected keys; if docsis_mode is enabled, setpoint_mbps is set).
=== T3: Snapshot B (post-gate-PASS candidate: legacy binary + reconciled Phase 201 YAML) ===
-rw-r----- 1 root root  12K May  5 07:22 /etc/wanctl/spectrum.yaml.prephase201-recanary-20260505T122130Z-snapB
-rw-r--r-- 1 root root 1.5M May  5 07:22 /opt/wanctl-prephase201-recanary-20260505T122130Z-snapB.tar.gz
Snapshot B Phase 201 key count: 5 (expected >= 5)
=== T4: Deploy v1.42.1 binary ===
[0;34m========================================[0m
[0;34mwanctl Deployment[0m
[0;34m========================================[0m

WAN Name:    spectrum
Target:      cake-shaper
Steering:    No

[0;32m[*][0m Checking prerequisites...
[0;32m[+][0m Prerequisites OK
[0;32m[*][0m Deploying wanctl code to cake-shaper...
[deploy] running Phase 201 predeploy gate
[predeploy-gate INFO]  PASS: continuous_monitoring.upload is clean (no v1.41 rejected keys; if docsis_mode is enabled, setpoint_mbps is set).
[deploy] predeploy gate PASS
sending incremental file list
deleting scripts/wanctl-operator-summary
deleting scripts/validate-deployment.sh
deleting scripts/compact-metrics-dbs.sh
deleting scripts/analyze_baseline.py
deleting scripts/
deleting wan_controller.py.bak-20260429-190944
deleting check_config_validators.py.bak-20260429-190944
deleting autorate_config.py.bak-20260429-190944
./
__init__.py
alert_engine.py
analyze_baseline.py
asymmetry_analyzer.py
autorate_config.py
autorate_continuous.py
benchmark.py
benchmark_compare.py
cake_params.py
cake_signal.py
cake_stats_thread.py
calibrate.py
calibrate_measurements.py
check_cake.py
check_cake_fix.py
check_config.py
check_config_validators.py
check_steering_validators.py
config_base.py
config_validation_utils.py
daemon_utils.py
error_handling.py
fusion_healer.py
health_check.py
history.py
interfaces.py
irtt_measurement.py
irtt_thread.py
lock_utils.py
logging_utils.py
metrics.py
operator_summary.py
path_utils.py
pending_rates.py
perf_profiler.py
queue_controller.py
rate_utils.py
reflector_scorer.py
retry_utils.py
router_client.py
router_command_utils.py
router_connectivity.py
routeros_interface.py
routeros_rest.py
routeros_ssh.py
rtt_measurement.py
runtime_pressure.py
signal_processing.py
signal_utils.py
state_manager.py
state_utils.py
systemd_utils.py
timeouts.py
wan_controller.py
wan_controller_state.py
webhook_delivery.py
backends/
backends/__init__.py
backends/base.py
backends/linux_cake.py
backends/linux_cake_adapter.py
backends/netlink_cake.py
backends/routeros.py
dashboard/
dashboard/__init__.py
dashboard/app.py
dashboard/config.py
dashboard/dashboard.tcss
dashboard/poller.py
dashboard/widgets/
dashboard/widgets/__init__.py
dashboard/widgets/cycle_gauge.py
dashboard/widgets/history_browser.py
dashboard/widgets/history_state.py
dashboard/widgets/sparkline_panel.py
dashboard/widgets/status_bar.py
dashboard/widgets/steering_panel.py
dashboard/widgets/wan_panel.py
steering/
steering/__init__.py
steering/cake_stats.py
steering/congestion_assessment.py
steering/daemon.py
steering/health.py
steering/steering_confidence.py
storage/
storage/__init__.py
storage/config_snapshot.py
storage/db_utils.py
storage/deferred_writer.py
storage/downsampler.py
storage/maintenance.py
storage/reader.py
storage/retention.py
storage/schema.py
storage/writer.py
tuning/
tuning/__init__.py
tuning/analyzer.py
tuning/applier.py
tuning/models.py
tuning/safety.py
tuning/strategies/
tuning/strategies/__init__.py
tuning/strategies/advanced.py
tuning/strategies/base.py
tuning/strategies/congestion_thresholds.py
tuning/strategies/response.py
tuning/strategies/signal_processing.py

sent 185,982 bytes  received 15,200 bytes  402,364.00 bytes/sec
total size is 1,518,292  speedup is 7.55
[0;32m[+][0m Code deployed (101 Python files)
[0;32m[*][0m Deploying configuration for spectrum...
[0;32m[+][0m Config deployed: /etc/wanctl/spectrum.yaml
[0;32m[*][0m Deploying profiling scripts...
  -> scripts/profiling_collector.py
  -> scripts/analyze_profiling.py
[0;32m[+][0m Profiling scripts deployed
[0;32m[*][0m Deploying analysis scripts...
  -> wanctl/scripts/analyze_baseline.py
[0;32m[+][0m Analysis scripts deployed
[0;32m[*][0m Deploying documentation...
[1;33m[!][0m File not found: docs/PROFILING.md
[0;32m[+][0m Documentation deployed
[0;32m[*][0m Deploying NIC tuning script...
[0;32m[+][0m NIC tuning script deployed to /usr/local/bin/wanctl-nic-tuning.sh
[0;32m[*][0m Deploying sysctl tuning...
[0;32m[+][0m Sysctl tuning deployed to /etc/sysctl.d/99-wanctl-network.conf
[0;32m[*][0m Deploying bridge QoS rules and loader...
[0;32m[+][0m Bridge QoS nftables rules deployed to /etc/wanctl/bridge-qos.nft
[0;32m[+][0m Bridge QoS loader script deployed to /usr/local/bin/wanctl-bridge-qos.sh
[0;32m[*][0m Deploying systemd units...
  -> wanctl@.service
  -> wanctl-nic-tuning.service
  -> wanctl-bridge-qos.service
[0;32m[+][0m Systemd units deployed
[0;32m[*][0m Verifying deployment...
[0;32m[+][0m Application tree matches: 101 Python files
[0;32m[+][0m Core script present
[0;32m[+][0m Config present: spectrum.yaml
[0;32m[+][0m Secrets file: all expected variables present
[0;32m[+][0m Systemd template present
[0;32m[+][0m Verification passed
[0;32m[*][0m Deploying validation script...
[0;32m[+][0m Validation script deployed
[0;32m[*][0m Deploying wanctl-history CLI...
[1;33m[!][0m wanctl-history not found: scripts/wanctl-history
[0;32m[*][0m Deploying wanctl-operator-summary CLI...
[0;32m[+][0m wanctl-operator-summary CLI deployed (available as 'wanctl-operator-summary' command)
[0;32m[*][0m Deploying compact-metrics-dbs helper...
[0;32m[+][0m compact-metrics-dbs helper deployed (available as 'compact-metrics-dbs' command)
[0;32m[*][0m Running pre-startup validation...

=========================================
 wanctl Deployment Validation
=========================================

[0;34m[INFO][0m Validating config: /etc/wanctl/spectrum.yaml
[0;32m[PASS][0m Config valid: /etc/wanctl/spectrum.yaml

[0;34m[INFO][0m Testing router connection: 10.10.99.1 (linux-cake-netlink)
[1;33m[WARN][0m Unknown transport: linux-cake-netlink (skipping router test)

[0;34m[INFO][0m Checking state path: /var/lib/wanctl/spectrum_state.json
[0;32m[PASS][0m State file exists and valid: /var/lib/wanctl/spectrum_state.json

=========================================
 Validation Summary
=========================================

[0;32mERRORS: 0[0m
[1;33mWARNINGS: 1[0m (review recommended)

All critical checks passed. Review warnings if daemon fails to start.
[1;33m[!][0m Pre-startup validation found issues - review before starting daemon
[0;34m========================================[0m
[0;34mNext Steps[0m
[0;34m========================================[0m
[0;34m1. Configure your WAN:[0m
   Edit /etc/wanctl/spectrum.yaml on cake-shaper
   - Set router host, user
   - Set queue names to match your RouterOS config
   - Adjust bandwidth floors and ceilings

[0;34m2. Set up router credentials:[0m

   Option A - REST API (recommended for faster response):
     ssh cake-shaper 'sudo nano /etc/wanctl/secrets'
     Add: ROUTER_PASSWORD=your_router_password
     Set transport: "rest" in your config file

   Option B - SSH key authentication:
     Copy your router SSH key to /etc/wanctl/ssh/router.key
     sudo chown wanctl:wanctl /etc/wanctl/ssh/router.key
     sudo chmod 600 /etc/wanctl/ssh/router.key
     Set transport: "ssh" in your config file

[0;34m3. Migrate storage if this host has not already moved to the per-WAN DB layout:[0m
   Check for the archive marker first:
   ssh cake-shaper 'sudo test -f /var/lib/wanctl/metrics.db.pre-v135-archive && echo migrated || echo needs-migration'

   If the archive marker is missing, run from your workstation before restart/canary:
   ./scripts/migrate-storage.sh --ssh cake-shaper

[0;34m4. Restart the service:[0m
   ssh cake-shaper 'sudo systemctl enable --now wanctl@spectrum.service'

[0;34m5. Run post-restart canary:[0m
   ./scripts/canary-check.sh --ssh cake-shaper

   The canary validates health, storage, and latency signals after restart.
   Exit 0 = PASS, 1 = FAIL, 2 = WARN
   For threshold details or escalation steps, see: docs/RUNBOOK.md
[0;34m6. Monitor:[0m
   ssh cake-shaper 'sudo journalctl -u wanctl@spectrum.service -f'
   ssh cake-shaper 'sudo tail -f /var/log/wanctl/spectrum.log'
   ssh cake-shaper 'sudo systemctl status wanctl@spectrum.service'

[0;34m7. Capture operator summary and soak evidence:[0m
   ssh cake-shaper 'wanctl-operator-summary http://<health-ip-1>:9101/health http://<health-ip-2>:9101/health'
   ./scripts/soak-monitor.sh

[0;34m9. Collect profiling data (Phase 1):[0m
   After deployment, let the daemon run for 7-14 days
   Then extract profiling statistics:
   ssh cake-shaper 'python3 /opt/scripts/profiling_collector.py /var/log/wanctl/spectrum.log --all'

   Generate analysis report:
   ssh cake-shaper 'python3 /opt/scripts/analyze_profiling.py --log-file /var/log/wanctl/spectrum.log'

   See /opt/docs/PROFILING.md for detailed procedure

[0;32m[+][0m Deployment complete!
=== T5: Post-deploy health probe ===
{
  "version": "1.42.1",
  "docsis_mode_active": true,
  "setpoint_mbps": 12.0,
  "anti_windup_cycles": 60,
  "anti_windup_triggers": 0,
  "headroom_exhausted_streak": 47,
  "floor_hit_cycles_total": 0,
  "max_delay_delta_us": 117,
  "red_streak": 0,
  "zone_trace_len": 47,
  "red_decay_step_pct": 0.02,
  "red_decay_delta_max_pct": 0.1
}
=== T5b: YAML knob grep ===
    red_decay_step_pct: 0.02
    red_decay_delta_max_pct: 0.10
    anti_windup_cycles: 60
