Capture directory: /home/kevin/flent-results/phase198-rerun/phase198_rerun_attempt11_run1/spectrum/20260502-023722
Manifest: /home/kevin/flent-results/phase198-rerun/phase198_rerun_attempt11_run1/spectrum/20260502-023722/manifest.txt

=== Running tcp_12down (phase198_rerun_attempt11_run1-spectrum-tcp_12down) ===
Starting Flent 2.1.1 using Python 3.12.3.
Starting tcp_12down test. Expected run time: 40 seconds.
Data file written to /home/kevin/flent-results/phase198-rerun/phase198_rerun_attempt11_run1/spectrum/20260502-023722/tcp_12down-2026-05-02T023722.562623.phase198_rerun_attempt11_run1-spectrum-tcp_12down.flent.gz
Saved raw data: /home/kevin/flent-results/phase198-rerun/phase198_rerun_attempt11_run1/spectrum/20260502-023722/tcp_12down-2026-05-02T023722.562623.phase198_rerun_attempt11_run1-spectrum-tcp_12down.flent.gz

Capture complete.
Artifacts recorded in /home/kevin/flent-results/phase198-rerun/phase198_rerun_attempt11_run1/spectrum/20260502-023722/manifest.txt
Capture directory: /home/kevin/flent-results/phase198-rerun/phase198_rerun_attempt11_run2/spectrum/20260502-023808
Manifest: /home/kevin/flent-results/phase198-rerun/phase198_rerun_attempt11_run2/spectrum/20260502-023808/manifest.txt

=== Running tcp_12down (phase198_rerun_attempt11_run2-spectrum-tcp_12down) ===
Starting Flent 2.1.1 using Python 3.12.3.
Starting tcp_12down test. Expected run time: 40 seconds.
Data file written to /home/kevin/flent-results/phase198-rerun/phase198_rerun_attempt11_run2/spectrum/20260502-023808/tcp_12down-2026-05-02T023808.690653.phase198_rerun_attempt11_run2-spectrum-tcp_12down.flent.gz
Saved raw data: /home/kevin/flent-results/phase198-rerun/phase198_rerun_attempt11_run2/spectrum/20260502-023808/tcp_12down-2026-05-02T023808.690653.phase198_rerun_attempt11_run2-spectrum-tcp_12down.flent.gz

Capture complete.
Artifacts recorded in /home/kevin/flent-results/phase198-rerun/phase198_rerun_attempt11_run2/spectrum/20260502-023808/manifest.txt
Capture directory: /home/kevin/flent-results/phase198-rerun/phase198_rerun_attempt11_run3/spectrum/20260502-023854
Manifest: /home/kevin/flent-results/phase198-rerun/phase198_rerun_attempt11_run3/spectrum/20260502-023854/manifest.txt

=== Running tcp_12down (phase198_rerun_attempt11_run3-spectrum-tcp_12down) ===
Starting Flent 2.1.1 using Python 3.12.3.
Starting tcp_12down test. Expected run time: 40 seconds.
Data file written to /home/kevin/flent-results/phase198-rerun/phase198_rerun_attempt11_run3/spectrum/20260502-023854/tcp_12down-2026-05-02T023854.722838.phase198_rerun_attempt11_run3-spectrum-tcp_12down.flent.gz
Saved raw data: /home/kevin/flent-results/phase198-rerun/phase198_rerun_attempt11_run3/spectrum/20260502-023854/tcp_12down-2026-05-02T023854.722838.phase198_rerun_attempt11_run3-spectrum-tcp_12down.flent.gz

Capture complete.
Artifacts recorded in /home/kevin/flent-results/phase198-rerun/phase198_rerun_attempt11_run3/spectrum/20260502-023854/manifest.txt
Phase 198 loaded-window audit run 1: pass (health_samples=30, queue_primary_health_pct=100.00, non_queue_samples=0)
Phase 198 loaded-window audit run 2: pass (health_samples=30, queue_primary_health_pct=100.00, non_queue_samples=0)
Phase 198 loaded-window audit run 3: pass (health_samples=30, queue_primary_health_pct=100.00, non_queue_samples=0)
Phase 198 throughput verdict: PASS (medians=685.992066/674.156379/560.381543, MoM=674.156379, medians_above_532=3)
Phase 198 rerun attempt 11 complete.
  Window used:               standard:02-04
  Throughput:                PASS (medians: 685.992066/674.156379/560.381543, MoM: 674.156379)
  Per-run loaded-window:     pass / pass / pass
  Evidence:                  .planning/phases/198-spectrum-cake-primary-b-leg-rerun/soak/cake-primary/rerun-attempt-11
  Next step:                 see attempt-summary.json; if throughput PASS and all per-run audits pass, run /gsd-execute-phase 198-07 to promote and close.
